INFO    2022-08-19 17:38:18,373 [http-nio-8080-exec-2] com.simplilearn.controller.MainController  - This Is An Info Log Entry ......!
ERROR   2022-08-19 17:38:18,376 [http-nio-8080-exec-2] com.simplilearn.controller.MainController  - This Is An Error Log Entry ......!
INFO    2022-08-19 17:51:30,969 [http-nio-8080-exec-1] com.simplilearn.controller.MainController  - This Is An Info Log Entry ......!
ERROR   2022-08-19 17:51:30,976 [http-nio-8080-exec-1] com.simplilearn.controller.MainController  - This Is An Error Log Entry ......!
INFO    2022-08-19 17:54:15,852 [http-nio-8080-exec-1] com.simplilearn.controller.MainController  - This Is An Info Log Entry ......!
ERROR   2022-08-19 17:54:15,868 [http-nio-8080-exec-1] com.simplilearn.controller.MainController  - This Is An Error Log Entry ......!
INFO    2022-08-19 17:54:25,058 [http-nio-8080-exec-5] com.simplilearn.controller.MainController  - This Is An Info Log Entry ......!
ERROR   2022-08-19 17:54:25,059 [http-nio-8080-exec-5] com.simplilearn.controller.MainController  - This Is An Error Log Entry ......!
INFO    2022-08-19 19:14:09,402 [http-nio-8080-exec-3] com.simplilearn.controller.MainController  - This Is An Info Log Entry ......!
ERROR   2022-08-19 19:14:09,428 [http-nio-8080-exec-3] com.simplilearn.controller.MainController  - This Is An Error Log Entry ......!
INFO    2022-08-19 19:29:52,075 [http-nio-8080-exec-26] com.simplilearn.controller.MainController  - This Is An Info Log Entry ......!
INFO    2022-08-19 19:29:52,082 [http-nio-8080-exec-26] com.simplilearn.controller.MainController  - EProductEntity [id=1, name=HP Laptop, price=20000.00, dateAdded=2022-08-18 00:00:00.0]
INFO    2022-08-19 19:30:10,831 [http-nio-8080-exec-17] com.simplilearn.controller.MainController  - This Is An Info Log Entry ......!
INFO    2022-08-19 19:30:10,833 [http-nio-8080-exec-17] com.simplilearn.controller.MainController  - 
INFO    2022-08-19 19:32:24,429 [http-nio-8080-exec-28] com.simplilearn.controller.MainController  - This Is An Info Log Entry ......!
INFO    2022-08-19 19:32:24,435 [http-nio-8080-exec-28] com.simplilearn.controller.MainController  - EProductEntity [id=1, name=HP Laptop, price=20000.00, dateAdded=2022-08-18 00:00:00.0]
INFO    2022-08-19 19:59:58,606 [http-nio-8080-exec-93] com.simplilearn.controller.MainController  - This Is An Info Log Entry ......!
INFO    2022-08-19 19:59:58,609 [http-nio-8080-exec-93] com.simplilearn.controller.MainController  - EProductEntity [id=1, name=HP Laptop, price=20000.00, dateAdded=2022-08-18 00:00:00.0]
INFO    2022-08-19 20:01:39,529 [http-nio-8080-exec-2] com.simplilearn.controller.MainController  - This Is An Info Log Entry ......!
INFO    2022-08-19 20:01:39,532 [http-nio-8080-exec-2] com.simplilearn.controller.MainController  - EProductEntity [id=3, name=DELL Laptop, price=56000.00, dateAdded=2022-08-03 11:09:12.0]
INFO    2022-08-19 20:10:31,437 [http-nio-8080-exec-3] com.simplilearn.controller.MainController  - This Is An Info Log Entry ......!
INFO    2022-08-19 20:10:31,441 [http-nio-8080-exec-3] com.simplilearn.controller.MainController  - EProductEntity [id=1, name=HP Laptop, price=20000.00, dateAdded=2022-08-18 00:00:00.0]
